<?xml version="1.0" encoding="UTF-8"?>
<testsuite xmlns:xsi="http://www.w3.org/2001/XMLSchema-instance" xsi:noNamespaceSchemaLocation="https://maven.apache.org/surefire/maven-surefire-plugin/xsd/surefire-test-report-3.0.xsd" version="3.0" name="com.tuorg.saas_core.repository.PlanRepositoryTest" time="4.587" tests="1" errors="0" skipped="0" failures="0">
  <properties>
[...]
</properties>
  <testcase name="contextLoadsAndRepositoryIsInjected" classname="com.tuorg.saas_core.repository.PlanRepositoryTest" time="0.552">
    <system-out><![CDATA[12:52:51.836 [main] INFO org.springframework.test.context.support.AnnotationConfigContextLoaderUtils -- Could not detect default configuration classes for test class [com.tuorg.saas_core.repository.PlanRepositoryTest]: PlanRepositoryTest does not declare any static, non-private, non-final, nested classes annotated with @Configuration.
12:52:51.963 [main] INFO org.springframework.boot.test.context.SpringBootTestContextBootstrapper -- Found @SpringBootConfiguration com.tuorg.saas_core.SaasCoreApplication for test class com.tuorg.saas_core.repository.PlanRepositoryTest
12:52:52.032 [main] INFO org.springframework.boot.devtools.restart.RestartApplicationListener -- Restart disabled due to context in which it is running

  .   ____          _            __ _ _
 /\\ / ___'_ __ _ _(_)_ __  __ _ \ \ \ \
( ( )\___ | '_ | '_| | '_ \/ _` | \ \ \ \
 \\/  ___)| |_)| | | | | || (_| |  ) ) ) )
  '  |____| .__|_| |_|_| |_\__, | / / / /
 =========|_|==============|___/=/_/_/_/
 :: Spring Boot ::                (v3.2.2)

2026-02-05T12:52:52.354+01:00  INFO 33171 --- [           main] c.t.s.repository.PlanRepositoryTest      : Starting PlanRepositoryTest using Java 21.0.4 with PID 33171 (started by benemerito in /home/benemerito/IdeaProjects/saas-core)
2026-02-05T12:52:52.355+01:00  INFO 33171 --- [           main] c.t.s.repository.PlanRepositoryTest      : No active profile set, falling back to 1 default profile: "default"
2026-02-05T12:52:52.660+01:00  INFO 33171 --- [           main] .s.d.r.c.RepositoryConfigurationDelegate : Bootstrapping Spring Data JPA repositories in DEFAULT mode.
2026-02-05T12:52:52.712+01:00  INFO 33171 --- [           main] .s.d.r.c.RepositoryConfigurationDelegate : Finished Spring Data repository scanning in 46 ms. Found 3 JPA repository interfaces.
2026-02-05T12:52:53.077+01:00  INFO 33171 --- [           main] com.zaxxer.hikari.HikariDataSource       : HikariPool-1 - Starting...
2026-02-05T12:52:53.543+01:00  INFO 33171 --- [           main] com.zaxxer.hikari.pool.HikariPool        : HikariPool-1 - Added connection org.postgresql.jdbc.PgConnection@3408f695
2026-02-05T12:52:53.549+01:00  INFO 33171 --- [           main] com.zaxxer.hikari.HikariDataSource       : HikariPool-1 - Start completed.
2026-02-05T12:52:53.611+01:00  INFO 33171 --- [           main] o.f.c.internal.license.VersionPrinter    : Flyway Community Edition 9.22.3 by Redgate
2026-02-05T12:52:53.611+01:00  INFO 33171 --- [           main] o.f.c.internal.license.VersionPrinter    : See release notes here: https://rd.gt/416ObMi
2026-02-05T12:52:53.612+01:00  INFO 33171 --- [           main] o.f.c.internal.license.VersionPrinter    : 
2026-02-05T12:52:53.613+01:00 DEBUG 33171 --- [           main] o.f.c.i.s.classpath.ClassPathScanner     : Scanning for classpath resources at 'classpath:db/callback' ...
2026-02-05T12:52:53.614+01:00 DEBUG 33171 --- [           main] o.f.c.i.s.classpath.ClassPathScanner     : Determining location urls for classpath:db/callback using ClassLoader jdk.internal.loader.ClassLoaders$AppClassLoader@4f2410ac ...
2026-02-05T12:52:53.614+01:00 DEBUG 33171 --- [           main] o.f.c.i.s.classpath.ClassPathScanner     : Unable to resolve location classpath:db/callback.
2026-02-05T12:52:53.614+01:00 DEBUG 33171 --- [           main] o.f.c.i.s.classpath.ClassPathScanner     : Scanning for classpath resources at 'classpath:db/migration' ...
2026-02-05T12:52:53.614+01:00 DEBUG 33171 --- [           main] o.f.c.i.s.classpath.ClassPathScanner     : Determining location urls for classpath:db/migration using ClassLoader jdk.internal.loader.ClassLoaders$AppClassLoader@4f2410ac ...
2026-02-05T12:52:53.614+01:00 DEBUG 33171 --- [           main] o.f.c.i.s.classpath.ClassPathScanner     : Scanning URL: file:/home/benemerito/IdeaProjects/saas-core/target/classes/db/migration
2026-02-05T12:52:53.615+01:00 DEBUG 33171 --- [           main] i.s.c.FileSystemClassPathLocationScanner : Scanning starting at classpath root in filesystem: /home/benemerito/IdeaProjects/saas-core/target/classes/
2026-02-05T12:52:53.615+01:00 DEBUG 33171 --- [           main] i.s.c.FileSystemClassPathLocationScanner : Scanning for resources in path: /home/benemerito/IdeaProjects/saas-core/target/classes/db/migration (db/migration)
2026-02-05T12:52:53.617+01:00 DEBUG 33171 --- [           main] o.f.c.i.s.classpath.ClassPathScanner     : Found resource: db/migration/V1__init.sql
2026-02-05T12:52:53.617+01:00 DEBUG 33171 --- [           main] o.f.c.i.s.classpath.ClassPathScanner     : Scanning for classes at classpath:db/migration
2026-02-05T12:52:53.620+01:00 DEBUG 33171 --- [           main] o.f.c.i.resource.ResourceNameValidator   : Validating V1__init.sql
2026-02-05T12:52:53.625+01:00  INFO 33171 --- [           main] org.flywaydb.core.FlywayExecutor         : Database: jdbc:postgresql://localhost:5432/saas_core (PostgreSQL 17.7)
2026-02-05T12:52:53.625+01:00 DEBUG 33171 --- [           main] org.flywaydb.core.FlywayExecutor         : Driver: PostgreSQL JDBC Driver 42.6.0
2026-02-05T12:52:53.625+01:00 DEBUG 33171 --- [           main] org.flywaydb.core.FlywayExecutor         : DDL Transactions Supported: true
2026-02-05T12:52:53.626+01:00 DEBUG 33171 --- [           main] o.f.c.i.s.SchemaHistoryFactory           : Schemas: 
2026-02-05T12:52:53.626+01:00 DEBUG 33171 --- [           main] o.f.c.i.s.SchemaHistoryFactory           : Default schema: null
2026-02-05T12:52:53.634+01:00  WARN 33171 --- [           main] o.f.c.internal.database.base.Database    : Flyway upgrade recommended: PostgreSQL 17.7 is newer than this version of Flyway and support has not been tested. The latest supported version of PostgreSQL is 15.
2026-02-05T12:52:53.635+01:00 DEBUG 33171 --- [           main] o.f.c.i.c.SqlScriptCallbackFactory       : Scanning for SQL callbacks ...
2026-02-05T12:52:53.642+01:00 DEBUG 33171 --- [           main] o.f.core.internal.command.DbValidate     : Validating migrations ...
2026-02-05T12:52:53.653+01:00 DEBUG 33171 --- [           main] o.f.core.internal.scanner.Scanner        : Filtering out resource: db/migration/V1__init.sql (filename: V1__init.sql)
2026-02-05T12:52:53.654+01:00 DEBUG 33171 --- [           main] o.f.core.internal.scanner.Scanner        : Filtering out resource: db/migration/V1__init.sql (filename: V1__init.sql)
2026-02-05T12:52:53.666+01:00  INFO 33171 --- [           main] o.f.core.internal.command.DbValidate     : Successfully validated 1 migration (execution time 00:00.023s)
2026-02-05T12:52:53.669+01:00 DEBUG 33171 --- [           main] o.f.core.internal.command.DbSchemas      : Skipping creation of existing schema: "public"
2026-02-05T12:52:53.719+01:00  INFO 33171 --- [           main] o.f.core.internal.command.DbMigrate      : Current version of schema "public": 1
2026-02-05T12:52:53.721+01:00  INFO 33171 --- [           main] o.f.core.internal.command.DbMigrate      : Schema "public" is up to date. No migration necessary.
2026-02-05T12:52:53.726+01:00 DEBUG 33171 --- [           main] org.flywaydb.core.FlywayExecutor         : Memory usage: 26 of 64M
2026-02-05T12:52:53.849+01:00  INFO 33171 --- [           main] o.hibernate.jpa.internal.util.LogHelper  : HHH000204: Processing PersistenceUnitInfo [name: default]
2026-02-05T12:52:53.929+01:00  INFO 33171 --- [           main] org.hibernate.Version                    : HHH000412: Hibernate ORM core version 6.4.1.Final
2026-02-05T12:52:53.959+01:00  INFO 33171 --- [           main] o.h.c.internal.RegionFactoryInitiator    : HHH000026: Second-level cache disabled
2026-02-05T12:52:54.038+01:00  INFO 33171 --- [           main] o.h.e.boot.internal.EnversServiceImpl    : Envers integration enabled? : true
2026-02-05T12:52:54.188+01:00  INFO 33171 --- [           main] o.s.o.j.p.SpringPersistenceUnitInfo      : No LoadTimeWeaver setup: ignoring JPA class transformer
2026-02-05T12:52:54.441+01:00  INFO 33171 --- [           main] o.h.e.c.i.m.AuditMetadataGenerator       : Adding properties for entity: com.tuorg.saas_core.model.Subscription
2026-02-05T12:52:54.444+01:00  INFO 33171 --- [           main] o.h.e.c.i.m.AuditMetadataGenerator       : Adding properties for entity: com.tuorg.saas_core.model.User
2026-02-05T12:52:54.444+01:00  INFO 33171 --- [           main] o.h.e.c.i.m.AuditMetadataGenerator       : Adding properties for entity: com.tuorg.saas_core.model.Plan
2026-02-05T12:52:55.225+01:00 ERROR 33171 --- [           main] o.h.metamodel.internal.MetadataContext   : HHH015007: Illegal argument on static metamodel field injection : org.hibernate.envers.DefaultRevisionEntity_#class_; expected type :  org.hibernate.metamodel.model.domain.internal.EntityTypeImpl; encountered type : jakarta.persistence.metamodel.MappedSuperclassType
2026-02-05T12:52:55.231+01:00  INFO 33171 --- [           main] o.h.e.t.j.p.i.JtaPlatformInitiator       : HHH000489: No JTA platform available (set 'hibernate.transaction.jta.platform' to enable JTA platform integration)
2026-02-05T12:52:55.352+01:00  INFO 33171 --- [           main] j.LocalContainerEntityManagerFactoryBean : Initialized JPA EntityManagerFactory for persistence unit 'default'
2026-02-05T12:52:55.703+01:00  INFO 33171 --- [           main] c.t.s.repository.PlanRepositoryTest      : Started PlanRepositoryTest in 3.683 seconds (process running for 4.54)
]]></system-out>
    <system-err><![CDATA[WARNING: A Java agent has been loaded dynamically (/home/benemerito/.m2/repository/net/bytebuddy/byte-buddy-agent/1.14.11/byte-buddy-agent-1.14.11.jar)
WARNING: If a serviceability tool is in use, please run with -XX:+EnableDynamicAgentLoading to hide this warning
WARNING: If a serviceability tool is not in use, please run with -Djdk.instrument.traceUsage for more information
WARNING: Dynamic loading of agents will be disallowed by default in a future release
]]></system-err>
  </testcase>
</testsuite>